[INFO  - 2018-04-21T01:15:47.180Z] GhostDriver - Main - running on port 64248
[INFO  - 2018-04-21T01:15:51.385Z] Session [87fe6480-4501-11e8-8e21-9bc97a2869ea] - page.settings - {"XSSAuditingEnabled":false,"javascriptCanCloseWindows":true,"javascriptCanOpenWindows":true,"javascriptEnabled":true,"loadImages":true,"localToRemoteUrlAccessEnabled":false,"userAgent":"Mozilla/5.0 (Windows NT 6.2; WOW64) AppleWebKit/538.1 (KHTML, like Gecko) PhantomJS/2.1.1 Safari/538.1","webSecurityEnabled":true}
[INFO  - 2018-04-21T01:15:51.385Z] Session [87fe6480-4501-11e8-8e21-9bc97a2869ea] - page.customHeaders:  - {}
[INFO  - 2018-04-21T01:15:51.386Z] Session [87fe6480-4501-11e8-8e21-9bc97a2869ea] - Session.negotiatedCapabilities - {"browserName":"phantomjs","version":"2.1.1","driverName":"ghostdriver","driverVersion":"1.2.0","platform":"windows-8.1-32bit","javascriptEnabled":true,"takesScreenshot":true,"handlesAlerts":false,"databaseEnabled":false,"locationContextEnabled":false,"applicationCacheEnabled":false,"browserConnectionEnabled":false,"cssSelectorsEnabled":true,"webStorageEnabled":false,"rotatable":false,"acceptSslCerts":false,"nativeEvents":true,"proxy":{"proxyType":"direct"}}
[INFO  - 2018-04-21T01:15:51.386Z] SessionManagerReqHand - _postNewSessionCommand - New Session Created: 87fe6480-4501-11e8-8e21-9bc97a2869ea
The directory name is invalid.
c:\progra~1\common~1\system\symsrv.dll.000
Access is denied.
The directory name is invalid.
c:\progra~1\common~1\system\symsrv.dll.000
Access is denied.
The directory name is invalid.
c:\progra~1\common~1\system\symsrv.dll.000
Access is denied.
The directory name is invalid.
c:\progra~1\common~1\system\symsrv.dll.000
Access is denied.
[INFO  - 2018-04-21T01:20:47.182Z] SessionManagerReqHand - _cleanupWindowlessSessions - Asynchronous Sessions clean-up phase starting NOW
[INFO  - 2018-04-21T01:25:47.182Z] SessionManagerReqHand - _cleanupWindowlessSessions - Asynchronous Sessions clean-up phase starting NOW
[INFO  - 2018-04-21T01:30:47.194Z] SessionManagerReqHand - _cleanupWindowlessSessions - Asynchronous Sessions clean-up phase starting NOW
[INFO  - 2018-04-21T01:35:47.194Z] SessionManagerReqHand - _cleanupWindowlessSessions - Asynchronous Sessions clean-up phase starting NOW
[INFO  - 2018-04-21T01:40:47.199Z] SessionManagerReqHand - _cleanupWindowlessSessions - Asynchronous Sessions clean-up phase starting NOW
nagerReqHand - _cleanupWindowlessSessions - Asynchronous Sessions clean-up phase starting NOW
[INFO  - 2018-04-21T01:30:47.545Z] SessionManagerReqHand - _cleanupWindowlessSessions - Asynchronous Sessions clean-up phase starting NOW
[INFO  - 2018-04-21T01:35:47.545Z] SessionManagerReqHand - _cleanupWindowlessSessions - Asynchronous Sessions clean-up phase starting NOW
[INFO  - 2018-04-21T01:40:47.546Z] SessionManagerReqHand - _cleanupWindowlessSessions - Asynchronous Sessions clean-up phase starting NOW
